<?xml version="1.0" encoding="UTF-8"?>
<testng-results ignored="0" total="1" passed="1" failed="0" skipped="0">
  <reporter-output>
  </reporter-output>
  <suite started-at="2023-01-29T11:24:05 CET" name="Default suite" finished-at="2023-01-29T11:24:43 CET" duration-ms="38081">
    <groups>
      <group name="cucumber">
        <method signature="AbstractTestNGCucumberTests.feature(cucumber.api.testng.CucumberFeatureWrapper)[pri:0, instance:com.Runnerdemo.TestRunnerdemo@548a24a]" name="feature" class="cucumber.api.testng.AbstractTestNGCucumberTests"/>
      </group> <!-- cucumber -->
    </groups>
    <test started-at="2023-01-29T11:24:05 CET" name="Default test" finished-at="2023-01-29T11:24:43 CET" duration-ms="38081">
      <class name="com.Runnerdemo.TestRunnerdemo">
        <test-method is-config="true" signature="startURL()[pri:0, instance:com.Runnerdemo.TestRunnerdemo@548a24a]" started-at="2023-01-29T11:24:05 CET" name="startURL" finished-at="2023-01-29T11:24:10 CET" duration-ms="5302" status="PASS">
          <reporter-output>
          </reporter-output>
        </test-method> <!-- startURL -->
        <test-method is-config="true" signature="setUpClass()[pri:0, instance:com.Runnerdemo.TestRunnerdemo@548a24a]" started-at="2023-01-29T11:24:10 CET" name="setUpClass" finished-at="2023-01-29T11:24:10 CET" duration-ms="435" status="PASS">
          <reporter-output>
          </reporter-output>
        </test-method> <!-- setUpClass -->
        <test-method signature="feature(cucumber.api.testng.CucumberFeatureWrapper)[pri:0, instance:com.Runnerdemo.TestRunnerdemo@548a24a]" started-at="2023-01-29T11:24:11 CET" name="feature" description="Runs Cucumber Feature" data-provider="features" finished-at="2023-01-29T11:24:42 CET" duration-ms="31006" status="PASS">
          <params>
            <param index="0">
              <value>
                <![CDATA[This is a demoblez feature file]]>
              </value>
            </param>
          </params>
          <reporter-output>
          </reporter-output>
        </test-method> <!-- feature -->
        <test-method is-config="true" signature="tearDownClass()[pri:0, instance:com.Runnerdemo.TestRunnerdemo@548a24a]" started-at="2023-01-29T11:24:42 CET" name="tearDownClass" finished-at="2023-01-29T11:24:42 CET" duration-ms="37" status="PASS">
          <reporter-output>
          </reporter-output>
        </test-method> <!-- tearDownClass -->
        <test-method is-config="true" signature="closeURL()[pri:0, instance:com.Runnerdemo.TestRunnerdemo@548a24a]" started-at="2023-01-29T11:24:42 CET" name="closeURL" finished-at="2023-01-29T11:24:43 CET" duration-ms="949" status="PASS">
          <reporter-output>
          </reporter-output>
        </test-method> <!-- closeURL -->
      </class> <!-- com.Runnerdemo.TestRunnerdemo -->
    </test> <!-- Default test -->
  </suite> <!-- Default suite -->
</testng-results>
